Build started 16/04/25 21:22:03.
     1>Project "F:\Git\correspondence\c++_code\correspondence\correspondence\correspondence.vcxproj" on node 2 (Build target(s)).
     1>ClCompile:
         D:\Program Files (x86)\Microsoft Visual Studio 12.0\VC\bin\CL.exe /c /I"D:\Program Files\MATLAB\R2013b\extern\include" /ZI /nologo /W3 /WX- /sdl /Od /Oy- /D WIN32 /D _DEBUG /D _CONSOLE /D _LIB /D _UNICODE /D UNICODE /Gm /EHsc /RTC1 /MDd /GS /fp:precise /Zc:wchar_t /Zc:forScope /Fo"Debug\\" /Fd"Debug\vc120.pdb" /Gd /TP /analyze- /errorReport:prompt main.cpp
         main.cpp
     1>d:\program files\matlab\r2013b\extern\include\matrix.h(277): error C2146: syntax error : missing ';' before identifier 'mxChar'
     1>d:\program files\matlab\r2013b\extern\include\matrix.h(277): error C4430: missing type specifier - int assumed. Note: C++ does not support default-int
     1>d:\program files\matlab\r2013b\extern\include\matrix.h(539): error C2146: syntax error : missing ';' before identifier 'mxGetNumberOfDimensions_730'
     1>d:\program files\matlab\r2013b\extern\include\matrix.h(539): error C4430: missing type specifier - int assumed. Note: C++ does not support default-int
     1>d:\program files\matlab\r2013b\extern\include\matrix.h(545): error C4430: missing type specifier - int assumed. Note: C++ does not support default-int
     1>d:\program files\matlab\r2013b\extern\include\matrix.h(545): error C2143: syntax error : missing ';' before '*'
     1>d:\program files\matlab\r2013b\extern\include\matrix.h(545): error C2373: 'mwSize' : redefinition; different type modifiers
                 d:\program files\matlab\r2013b\extern\include\matrix.h(539) : see declaration of 'mwSize'
     1>d:\program files\matlab\r2013b\extern\include\matrix.h(593): error C2143: syntax error : missing ';' before '*'
     1>d:\program files\matlab\r2013b\extern\include\matrix.h(593): error C4430: missing type specifier - int assumed. Note: C++ does not support default-int
     1>d:\program files\matlab\r2013b\extern\include\matrix.h(595): error C4430: missing type specifier - int assumed. Note: C++ does not support default-int
     1>d:\program files\matlab\r2013b\extern\include\matrix.h(655): error C2061: syntax error : identifier 'mwSize'
     1>d:\program files\matlab\r2013b\extern\include\matrix.h(675): error C2143: syntax error : missing ';' before '*'
     1>d:\program files\matlab\r2013b\extern\include\matrix.h(675): error C4430: missing type specifier - int assumed. Note: C++ does not support default-int
     1>d:\program files\matlab\r2013b\extern\include\matrix.h(681): error C2061: syntax error : identifier 'mwIndex'
     1>d:\program files\matlab\r2013b\extern\include\matrix.h(687): error C2143: syntax error : missing ';' before '*'
     1>d:\program files\matlab\r2013b\extern\include\matrix.h(687): error C4430: missing type specifier - int assumed. Note: C++ does not support default-int
     1>d:\program files\matlab\r2013b\extern\include\matrix.h(693): error C2061: syntax error : identifier 'mwIndex'
     1>d:\program files\matlab\r2013b\extern\include\matrix.h(699): error C2146: syntax error : missing ';' before identifier 'mxGetNzmax_730'
     1>d:\program files\matlab\r2013b\extern\include\matrix.h(699): error C4430: missing type specifier - int assumed. Note: C++ does not support default-int
     1>d:\program files\matlab\r2013b\extern\include\matrix.h(705): error C2061: syntax error : identifier 'mwSize'
     1>d:\program files\matlab\r2013b\extern\include\matrix.h(718): error C2146: syntax error : missing ';' before identifier 'mxCalcSingleSubscript_730'
     1>d:\program files\matlab\r2013b\extern\include\matrix.h(718): error C4430: missing type specifier - int assumed. Note: C++ does not support default-int
     1>d:\program files\matlab\r2013b\extern\include\matrix.h(718): error C2061: syntax error : identifier 'mwSize'
     1>d:\program files\matlab\r2013b\extern\include\matrix.h(733): error C2061: syntax error : identifier 'mwIndex'
     1>d:\program files\matlab\r2013b\extern\include\matrix.h(739): error C2061: syntax error : identifier 'mwIndex'
     1>d:\program files\matlab\r2013b\extern\include\matrix.h(758): error C2061: syntax error : identifier 'mwIndex'
     1>d:\program files\matlab\r2013b\extern\include\matrix.h(764): error C2061: syntax error : identifier 'mwIndex'
     1>d:\program files\matlab\r2013b\extern\include\matrix.h(772): error C2061: syntax error : identifier 'mwIndex'
     1>d:\program files\matlab\r2013b\extern\include\matrix.h(779): error C2061: syntax error : identifier 'mwIndex'
     1>d:\program files\matlab\r2013b\extern\include\matrix.h(789): error C4430: missing type specifier - int assumed. Note: C++ does not support default-int
     1>d:\program files\matlab\r2013b\extern\include\matrix.h(789): error C2146: syntax error : missing ',' before identifier 'i'
     1>d:\program files\matlab\r2013b\extern\include\matrix.h(797): error C2061: syntax error : identifier 'mwIndex'
     1>d:\program files\matlab\r2013b\extern\include\matrix.h(820): error C2146: syntax error : missing ')' before identifier 'm'
     1>d:\program files\matlab\r2013b\extern\include\matrix.h(820): error C2440: 'initializing' : cannot convert from 'int' to 'mxArray *'
                 Conversion from integral type to pointer type requires reinterpret_cast, C-style cast or function-style cast
     1>d:\program files\matlab\r2013b\extern\include\matrix.h(820): error C2059: syntax error : ')'
     1>d:\program files\matlab\r2013b\extern\include\matrix.h(829): error C2061: syntax error : identifier 'mwSize'
     1>d:\program files\matlab\r2013b\extern\include\matrix.h(836): error C4430: missing type specifier - int assumed. Note: C++ does not support default-int
     1>d:\program files\matlab\r2013b\extern\include\matrix.h(836): error C2143: syntax error : missing ',' before '*'
     1>d:\program files\matlab\r2013b\extern\include\matrix.h(851): error C2146: syntax error : missing ')' before identifier 'ndim'
     1>d:\program files\matlab\r2013b\extern\include\matrix.h(851): error C2440: 'initializing' : cannot convert from 'int' to 'mxArray *'
                 Conversion from integral type to pointer type requires reinterpret_cast, C-style cast or function-style cast
     1>d:\program files\matlab\r2013b\extern\include\matrix.h(851): error C2059: syntax error : ')'
     1>d:\program files\matlab\r2013b\extern\include\matrix.h(859): error C2146: syntax error : missing ')' before identifier 'ndim'
     1>d:\program files\matlab\r2013b\extern\include\matrix.h(859): error C2440: 'initializing' : cannot convert from 'int' to 'mxArray *'
                 Conversion from integral type to pointer type requires reinterpret_cast, C-style cast or function-style cast
     1>d:\program files\matlab\r2013b\extern\include\matrix.h(859): error C2059: syntax error : ')'
     1>d:\program files\matlab\r2013b\extern\include\matrix.h(865): error C2146: syntax error : missing ')' before identifier 'm'
     1>d:\program files\matlab\r2013b\extern\include\matrix.h(865): error C2440: 'initializing' : cannot convert from 'int' to 'mxArray *'
                 Conversion from integral type to pointer type requires reinterpret_cast, C-style cast or function-style cast
     1>d:\program files\matlab\r2013b\extern\include\matrix.h(865): error C2059: syntax error : ')'
     1>d:\program files\matlab\r2013b\extern\include\matrix.h(879): error C2146: syntax error : missing ')' before identifier 'ndim'
     1>d:\program files\matlab\r2013b\extern\include\matrix.h(879): error C2440: 'initializing' : cannot convert from 'int' to 'mxArray *'
                 Conversion from integral type to pointer type requires reinterpret_cast, C-style cast or function-style cast
     1>d:\program files\matlab\r2013b\extern\include\matrix.h(879): error C2059: syntax error : ')'
     1>d:\program files\matlab\r2013b\extern\include\matrix.h(891): error C2146: syntax error : missing ')' before identifier 'm'
     1>d:\program files\matlab\r2013b\extern\include\matrix.h(891): error C2440: 'initializing' : cannot convert from 'int' to 'mxArray *'
                 Conversion from integral type to pointer type requires reinterpret_cast, C-style cast or function-style cast
     1>d:\program files\matlab\r2013b\extern\include\matrix.h(891): error C2059: syntax error : ')'
     1>d:\program files\matlab\r2013b\extern\include\matrix.h(946): error C2146: syntax error : missing ')' before identifier 'm'
     1>d:\program files\matlab\r2013b\extern\include\matrix.h(946): error C2440: 'initializing' : cannot convert from 'int' to 'mxArray *'
                 Conversion from integral type to pointer type requires reinterpret_cast, C-style cast or function-style cast
     1>d:\program files\matlab\r2013b\extern\include\matrix.h(946): error C2059: syntax error : ')'
     1>d:\program files\matlab\r2013b\extern\include\matrix.h(954): error C2146: syntax error : missing ')' before identifier 'm'
     1>d:\program files\matlab\r2013b\extern\include\matrix.h(954): error C2440: 'initializing' : cannot convert from 'int' to 'mxArray *'
                 Conversion from integral type to pointer type requires reinterpret_cast, C-style cast or function-style cast
     1>d:\program files\matlab\r2013b\extern\include\matrix.h(954): error C2059: syntax error : ')'
     1>d:\program files\matlab\r2013b\extern\include\matrix.h(962): error C2061: syntax error : identifier 'mwSize'
     1>d:\program files\matlab\r2013b\extern\include\matrix.h(973): error C2061: syntax error : identifier 'mwSize'
     1>d:\program files\matlab\r2013b\extern\include\matrix.h(991): error C2061: syntax error : identifier 'mwSize'
     1>d:\program files\matlab\r2013b\extern\include\matrix.h(1010): error C2146: syntax error : missing ')' before identifier 'm'
     1>d:\program files\matlab\r2013b\extern\include\matrix.h(1010): error C2440: 'initializing' : cannot convert from 'int' to 'mxArray *'
                 Conversion from integral type to pointer type requires reinterpret_cast, C-style cast or function-style cast
     1>d:\program files\matlab\r2013b\extern\include\matrix.h(1010): error C2059: syntax error : ')'
     1>d:\program files\matlab\r2013b\extern\include\matrix.h(1018): error C2146: syntax error : missing ')' before identifier 'm'
     1>d:\program files\matlab\r2013b\extern\include\matrix.h(1018): error C2440: 'initializing' : cannot convert from 'int' to 'mxArray *'
                 Conversion from integral type to pointer type requires reinterpret_cast, C-style cast or function-style cast
     1>d:\program files\matlab\r2013b\extern\include\matrix.h(1018): error C2059: syntax error : ')'
     1>d:\program files\matlab\r2013b\extern\include\matrix.h(1027): error C2146: syntax error : missing ')' before identifier 'ndim'
     1>d:\program files\matlab\r2013b\extern\include\matrix.h(1027): error C2440: 'initializing' : cannot convert from 'int' to 'mxArray *'
                 Conversion from integral type to pointer type requires reinterpret_cast, C-style cast or function-style cast
     1>d:\program files\matlab\r2013b\extern\include\matrix.h(1027): error C2059: syntax error : ')'
     1>d:\program files\matlab\r2013b\extern\include\matrix.h(1044): error C2146: syntax error : missing ')' before identifier 'ndim'
     1>d:\program files\matlab\r2013b\extern\include\matrix.h(1044): error C2440: 'initializing' : cannot convert from 'int' to 'mxArray *'
                 Conversion from integral type to pointer type requires reinterpret_cast, C-style cast or function-style cast
     1>d:\program files\matlab\r2013b\extern\include\matrix.h(1045): error C2059: syntax error : ')'
     1>Done Building Project "F:\Git\correspondence\c++_code\correspondence\correspondence\correspondence.vcxproj" (Build target(s)) -- FAILED.

Build FAILED.

Time Elapsed 00:00:00.62
